Upload attempt by user: 11
POST: Array
(
)

FILES: Array
(
    [profile_image] => Array
        (
            [name] => profile.jpg
            [full_path] => profile.jpg
            [type] => image/jpeg
            [tmp_name] => D:\xampp\tmp\php3DBF.tmp
            [error] => 0
            [size] => 29488
        )

)

Upload dir: D:\LTW_PROJECTS\Samfan\frontend\public\images\profiles
Dir exists: Yes
Dir writable: Yes
File uploaded successfully to: ../frontend/public/images/profiles/11_1746730308_profile.jpg
Relative path for DB: /images/profiles/11_1746730308_profile.jpg
Upload attempt by user: 11
POST: Array
(
)

FILES: Array
(
    [profile_image] => Array
        (
            [name] => profile.jpg
            [full_path] => profile.jpg
            [type] => image/jpeg
            [tmp_name] => D:\xampp\tmp\php83F0.tmp
            [error] => 0
            [size] => 29488
        )

)

Upload dir: D:\LTW_PROJECTS\Samfan\frontend\public\images\profiles
Dir exists: Yes
Dir writable: Yes
File uploaded successfully to: ../frontend/public/images/profiles/11_1746730326_profile.jpg
Relative path for DB: /images/profiles/11_1746730326_profile.jpg
Upload attempt by user: 11
POST: Array
(
)

FILES: Array
(
    [profile_image] => Array
        (
            [name] => profile.jpg
            [full_path] => profile.jpg
            [type] => image/jpeg
            [tmp_name] => D:\xampp\tmp\php29C6.tmp
            [error] => 0
            [size] => 29488
        )

)

Upload dir: D:\LTW_PROJECTS\Samfan\frontend\public\images\profiles
Dir exists: Yes
Dir writable: Yes
File uploaded successfully to: ../frontend/public/images/profiles/11_1746730368_profile.jpg
Relative path for DB: /images/profiles/11_1746730368_profile.jpg
Upload attempt by user: 11
POST: Array
(
)

FILES: Array
(
    [profile_image] => Array
        (
            [name] => vue-logo.png
            [full_path] => vue-logo.png
            [type] => image/png
            [tmp_name] => D:\xampp\tmp\phpF354.tmp
            [error] => 0
            [size] => 96226
        )

)

Upload dir: D:\LTW_PROJECTS\Samfan\frontend\public\images\profiles
Dir exists: Yes
Dir writable: Yes
File uploaded successfully to: ../frontend/public/images/profiles/11_1746730813_vue-logo.png
Relative path for DB: /images/profiles/11_1746730813_vue-logo.png
Upload attempt by user: 11
POST: Array
(
)

FILES: Array
(
    [profile_image] => Array
        (
            [name] => vue-logo.png
            [full_path] => vue-logo.png
            [type] => image/png
            [tmp_name] => D:\xampp\tmp\phpC79D.tmp
            [error] => 0
            [size] => 96226
        )

)

Upload dir: D:\LTW_PROJECTS\Samfan\frontend\public\images\profiles
Dir exists: Yes
Dir writable: Yes
File uploaded successfully to: ../frontend/public/images/profiles/11_1746730868_vue-logo.png
Relative path for DB: /images/profiles/11_1746730868_vue-logo.png
Upload attempt by user: 11
POST: Array
(
)

FILES: Array
(
    [profile_image] => Array
        (
            [name] => profile.jpg
            [full_path] => profile.jpg
            [type] => image/jpeg
            [tmp_name] => D:\xampp\tmp\php3F4A.tmp
            [error] => 0
            [size] => 29488
        )

)

Upload dir: D:\LTW_PROJECTS\Samfan\frontend\public\images\profiles
Dir exists: Yes
Dir writable: Yes
File uploaded successfully to: ../frontend/public/images/profiles/11_1746730964_profile.jpg
Relative path for DB: /images/profiles/11_1746730964_profile.jpg
Upload attempt by user: 11
POST: Array
(
)

FILES: Array
(
    [profile_image] => Array
        (
            [name] => vue-logo.png
            [full_path] => vue-logo.png
            [type] => image/png
            [tmp_name] => D:\xampp\tmp\phpB891.tmp
            [error] => 0
            [size] => 96226
        )

)

Upload dir: D:\LTW_PROJECTS\Samfan\frontend\public\images\profiles
Dir exists: Yes
Dir writable: Yes
File uploaded successfully to: ../frontend/public/images/profiles/11_1746730995_vue-logo.png
Relative path for DB: /images/profiles/11_1746730995_vue-logo.png
Upload attempt by user: 11
POST: Array
(
)

FILES: Array
(
    [profile_image] => Array
        (
            [name] => vue-logo.png
            [full_path] => vue-logo.png
            [type] => image/png
            [tmp_name] => D:\xampp\tmp\php7DD6.tmp
            [error] => 0
            [size] => 96226
        )

)

Upload dir: D:\LTW_PROJECTS\Samfan\frontend\public\images\profiles
Dir exists: Yes
Dir writable: Yes
File uploaded successfully to: ../frontend/public/images/profiles/11_1746731045_vue-logo.png
Relative path for DB: /images/profiles/11_1746731045_vue-logo.png
Upload attempt by user: 11
POST: Array
(
)

FILES: Array
(
    [profile_image] => Array
        (
            [name] => pexels-mayday-1545743.jpg
            [full_path] => pexels-mayday-1545743.jpg
            [type] => image/jpeg
            [tmp_name] => D:\xampp\tmp\phpD7E9.tmp
            [error] => 0
            [size] => 755697
        )

)

Upload dir: D:\LTW_PROJECTS\Samfan\frontend\public\images\profiles
Dir exists: Yes
Dir writable: Yes
File uploaded successfully to: ../frontend/public/images/profiles/11_1746731789_pexels-mayday-1545743.jpg
Relative path for DB: /images/profiles/11_1746731789_pexels-mayday-1545743.jpg
